
extDB3: https://bitbucket.org/torndeco/extdb3/wiki/Home
extDB3: Version: 1.031
extDB3: Windows Version
Message: All development for extDB3 is done on a Linux Dedicated Server
Message: If you would like to Donate to extDB3 Development
Message: https://www.paypal.com/cgi-bin/webscr?cmd=_s-xclick&hosted_button_id=2SUEFTGABTAM2
Message: Also leave a message if there is any particular feature you would like to see added.
Message: Thanks for all the people that have donated.
Message: Torndeco: 18/05/15


extDB3: Found extdb3-conf.ini
extDB3: Detected 4 Cores, Setting up 4 Worker Threads
extDB3: ...
extDB3: ...
extDB3: ...
extDB3: ...


[06:07:36:888187 +01:00] [Thread 4000] extDB3: Locked
[12:08:17:480748 +01:00] [Thread 4000] extDB3: Error Invalid Format: 9:RESET
[12:08:17:523883 +01:00] [Thread 4000] extDB3: Error Invalid Format: 9:ADD_DATABASE:MilSimDB
[12:08:17:524064 +01:00] [Thread 4000] extDB3: Error Invalid Format: 9:ADD_DATABASE_PROTOCOL:MilSimDB:SQL_CUSTOM:MilSimDBquery:MilSim.ini
[12:08:17:524133 +01:00] [Thread 4000] extDB3: Error Invalid Format: 9:LOCK:unlock_me
